<?xml version="1.0" encoding="UTF-8"?>
<testng-results ignored="0" total="1" passed="1" failed="0" skipped="0">
  <reporter-output>
  </reporter-output>
  <suite started-at="2023-08-23T18:51:27 IST" name="Suite" finished-at="2023-08-23T18:51:30 IST" duration-ms="2961">
    <groups>
    </groups>
    <test started-at="2023-08-23T18:51:27 IST" name="Test" finished-at="2023-08-23T18:51:30 IST" duration-ms="2961">
      <class name="automationtest.test">
        <test-method signature="getResponseBody()[pri:0, instance:automationtest.test@75f65e45]" started-at="2023-08-23T18:51:27 IST" name="getResponseBody" finished-at="2023-08-23T18:51:30 IST" duration-ms="2930" status="PASS">
          <reporter-output>
          </reporter-output>
        </test-method> <!-- getResponseBody -->
      </class> <!-- automationtest.test -->
    </test> <!-- Test -->
  </suite> <!-- Suite -->
</testng-results>
